<?xml version="1.0" encoding="UTF-8"?>
<!-- Generated by org.testng.reporters.JUnitReportReporter -->
<testsuite hostname="FFE-Abhinav-Mishra" failures="0" tests="1" name="practice.LoginTest" time="2.580" errors="0" timestamp="2025-08-23T09:49:42 IST" skipped="0">
  <testcase classname="practice.LoginTest" name="loginToApp" time="2.580"/>
  <system-out/>
</testsuite> <!-- practice.LoginTest -->
