<?xml version="1.0" encoding="UTF-8"?>
<!-- Generated by org.testng.reporters.JUnitReportReporter -->
<testsuite hostname="FFE-Abhinav-Mishra" failures="0" tests="1" name="practice.VerifyProductTest" time="6.475" errors="0" timestamp="2025-08-23T10:51:11 IST" skipped="0">
  <testcase classname="practice.VerifyProductTest" name="TC002" time="6.475"/>
  <system-out/>
</testsuite> <!-- practice.VerifyProductTest -->
